#
# There is insufficient memory for the Java Runtime Environment to continue.
# Native memory allocation (mmap) failed to map 130023424 bytes. Error detail: G1 virtual space
# Possible reasons:
#   The system is out of physical RAM or swap space
#   This process is running with CompressedOops enabled, and the Java Heap may be blocking the growth of the native heap
# Possible solutions:
#   Reduce memory load on the system
#   Increase physical memory or swap space
#   Check if swap backing store is full
#   Decrease Java heap size (-Xmx/-Xms)
#   Decrease number of Java threads
#   Decrease Java thread stack sizes (-Xss)
#   Set larger code cache with -XX:ReservedCodeCacheSize=
#   JVM is running with Unscaled Compressed Oops mode in which the Java heap is
#     placed in the first 4GB address space. The Java Heap base address is the
#     maximum limit for the native heap growth. Please use -XX:HeapBaseMinAddress
#     to set the Java Heap base and to place the Java Heap above 4GB virtual address.
# This output file may be truncated or incomplete.
#
#  Out of Memory Error (os_windows.cpp:3714), pid=22888, tid=24788
#
# JRE version:  (21.0.11+10) (build )
# Java VM: OpenJDK 64-Bit Server VM (21.0.11+10-LTS, mixed mode, sharing, tiered, compressed oops, compressed class ptrs, g1 gc, windows-amd64)
# No core dump will be written. Minidumps are not enabled by default on client versions of Windows
#

---------------  S U M M A R Y ------------

Command Line: -Dfile.encoding=UTF-8 -Dstdout.encoding=UTF-8 -Dstderr.encoding=UTF-8 --module-path=C:\Users\dhars\Documents\digital_nurture_program\week1\Algorithms_Data Structures\FinancialForecasting\bin -XX:+ShowCodeDetailsInExceptionMessages -Djdk.module.main=FinancialForecasting FinancialForecasting/financialForecasting.Forecasting

Host: 12th Gen Intel(R) Core(TM) i5-1235U, 12 cores, 7G,  Windows 11 , 64 bit Build 26100 (10.0.26100.8521)
Time: Tue Jun 30 09:28:55 2026 India Standard Time elapsed time: 0.033629 seconds (0d 0h 0m 0s)

---------------  T H R E A D  ---------------

Current thread (0x00000219dff72b30):  JavaThread "Unknown thread" [_thread_in_vm, id=24788, stack(0x000000b3fae00000,0x000000b3faf00000) (1024K)]

Stack: [0x000000b3fae00000,0x000000b3faf00000]
Native frames: (J=compiled Java code, j=interpreted, Vv=VM code, C=native code)
V  [jvm.dll+0x6d7e19]
V  [jvm.dll+0x8b5096]
V  [jvm.dll+0x8b764e]
V  [jvm.dll+0x8b7d33]
V  [jvm.dll+0x284596]
V  [jvm.dll+0x6d4735]
V  [jvm.dll+0x6c845a]
V  [jvm.dll+0x35ef08]
V  [jvm.dll+0x366b46]
V  [jvm.dll+0x3b7c2e]
V  [jvm.dll+0x3b7ed8]
V  [jvm.dll+0x33310c]
V  [jvm.dll+0x333c5b]
V  [jvm.dll+0x87f04b]
V  [jvm.dll+0x3c4bb1]
V  [jvm.dll+0x868295]
V  [jvm.dll+0x457c41]
V  [jvm.dll+0x459831]
C  [jli.dll+0x52dc]
C  [ucrtbase.dll+0x2cd30]
C  [KERNEL32.DLL+0x2e957]
C  [ntdll.dll+0x87c1c]


---------------  P R O C E S S  ---------------

Threads class SMR info:
_java_thread_list=0x00007fff2713b1c8, length=0, elements={
}

Java Threads: ( => current thread )
Total: 0

Other Threads:
  0x00000219e237fb70 WorkerThread "GC Thread#0"                     [id=19020, stack(0x000000b3faf00000,0x000000b3fb000000) (1024K)]
  0x00000219e23902e0 ConcurrentGCThread "G1 Main Marker"            [id=5108, stack(0x000000b3fb000000,0x000000b3fb100000) (1024K)]
  0x00000219e2392410 WorkerThread "G1 Conc#0"                       [id=28028, stack(0x000000b3fb100000,0x000000b3fb200000) (1024K)]

[error occurred during error reporting (printing all threads), id 0xc0000005, EXCEPTION_ACCESS_VIOLATION (0xc0000005) at pc=0x00007fff268357f7]
VM state: not at safepoint (not fully initialized)

VM Mutex/Monitor currently owned by a thread:  ([mutex/lock_event])
[0x00007fff271af670] Heap_lock - owner thread: 0x00000219dff72b30

Heap address: 0x0000000084400000, size: 1980 MB, Compressed Oops mode: 32-bit

CDS archive(s) mapped at: [0x0000000000000000-0x0000000000000000-0x0000000000000000), size 0, SharedBaseAddress: 0x0000000800000000, ArchiveRelocationMode: 1.
Narrow klass base: 0x0000000000000000, Narrow klass shift: 0, Narrow klass range: 0x0

GC Precious Log:
 CardTable entry size: 512
 Card Set container configuration: InlinePtr #cards 5 size 8 Array Of Cards #cards 12 size 40 Howl #buckets 4 coarsen threshold 1843 Howl Bitmap #cards 512 size 80 coarsen threshold 460 Card regions per heap region 1 cards per card region 2048

Heap:
 garbage-first heap   total 0K, used 0K [0x0000000084400000, 0x0000000100000000)
  region size 1024K, 0 young (0K), 0 survivors (0K)

[error occurred during error reporting (printing heap information), id 0xc0000005, EXCEPTION_ACCESS_VIOLATION (0xc0000005) at pc=0x00007fff26c21789]
GC Heap History (0 events):
No events

Dll operation events (1 events):
Event: 0.021 Loaded shared library C:\Users\dhars\.p2\pool\plugins\org.eclipse.justj.openjdk.hotspot.jre.full.win32.x86_64_21.0.11.v20260515-1531\jre\bin\java.dll

Deoptimization events (0 events):
No events

Classes loaded (0 events):
No events

Classes unloaded (0 events):
No events

Classes redefined (0 events):
No events

Internal exceptions (0 events):
No events

ZGC Phase Switch (0 events):
No events

VM Operations (0 events):
No events

Memory protections (0 events):
No events

Nmethod flushes (0 events):
No events

Events (0 events):
No events


Dynamic libraries:
0x00007ff7632b0000 - 0x00007ff7632be000 	C:\Users\dhars\.p2\pool\plugins\org.eclipse.justj.openjdk.hotspot.jre.full.win32.x86_64_21.0.11.v20260515-1531\jre\bin\javaw.exe
0x00007ffffe3c0000 - 0x00007ffffe626000 	C:\WINDOWS\SYSTEM32\ntdll.dll
0x00007ffffcba0000 - 0x00007ffffcc69000 	C:\WINDOWS\System32\KERNEL32.DLL
0x00007ffffbd30000 - 0x00007ffffc12a000 	C:\WINDOWS\System32\KERNELBASE.dll
0x00007ffffbaa0000 - 0x00007ffffbbec000 	C:\WINDOWS\System32\ucrtbase.dll
0x00007ffff7b60000 - 0x00007ffff7b78000 	C:\Users\dhars\.p2\pool\plugins\org.eclipse.justj.openjdk.hotspot.jre.full.win32.x86_64_21.0.11.v20260515-1531\jre\bin\jli.dll
0x00007ffffe0a0000 - 0x00007ffffe267000 	C:\WINDOWS\System32\USER32.dll
0x00007ffffb8f0000 - 0x00007ffffb917000 	C:\WINDOWS\System32\win32u.dll
0x00007ffffd940000 - 0x00007ffffd96b000 	C:\WINDOWS\System32\GDI32.dll
0x00007ffffb700000 - 0x00007ffffb82b000 	C:\WINDOWS\System32\gdi32full.dll
0x00007ffffb650000 - 0x00007ffffb6f3000 	C:\WINDOWS\System32\msvcp_win.dll
0x00007ffff7be0000 - 0x00007ffff7bfe000 	C:\Users\dhars\.p2\pool\plugins\org.eclipse.justj.openjdk.hotspot.jre.full.win32.x86_64_21.0.11.v20260515-1531\jre\bin\VCRUNTIME140.dll
0x00007fffd3590000 - 0x00007fffd3822000 	C:\WINDOWS\WinSxS\amd64_microsoft.windows.common-controls_6595b64144ccf1df_6.0.26100.8521_none_3e08b75ce33403b3\COMCTL32.dll
0x00007ffffd890000 - 0x00007ffffd939000 	C:\WINDOWS\System32\msvcrt.dll
0x00007ffffcad0000 - 0x00007ffffcb02000 	C:\WINDOWS\System32\IMM32.DLL
0x00007ffff7b90000 - 0x00007ffff7b9c000 	C:\Users\dhars\.p2\pool\plugins\org.eclipse.justj.openjdk.hotspot.jre.full.win32.x86_64_21.0.11.v20260515-1531\jre\bin\vcruntime140_1.dll
0x00007fffe88d0000 - 0x00007fffe895d000 	C:\Users\dhars\.p2\pool\plugins\org.eclipse.justj.openjdk.hotspot.jre.full.win32.x86_64_21.0.11.v20260515-1531\jre\bin\msvcp140.dll
0x00007fff264f0000 - 0x00007fff27292000 	C:\Users\dhars\.p2\pool\plugins\org.eclipse.justj.openjdk.hotspot.jre.full.win32.x86_64_21.0.11.v20260515-1531\jre\bin\server\jvm.dll
0x00007ffffde00000 - 0x00007ffffdeb6000 	C:\WINDOWS\System32\ADVAPI32.dll
0x00007ffffc750000 - 0x00007ffffc7fa000 	C:\WINDOWS\System32\sechost.dll
0x00007ffffc9b0000 - 0x00007ffffcac8000 	C:\WINDOWS\System32\RPCRT4.dll
0x00007ffffdd10000 - 0x00007ffffdd90000 	C:\WINDOWS\System32\WS2_32.dll
0x00007fffeeda0000 - 0x00007fffeedd6000 	C:\WINDOWS\SYSTEM32\WINMM.dll
0x00007ffffb4b0000 - 0x00007ffffb50e000 	C:\WINDOWS\SYSTEM32\POWRPROF.dll
0x00007fffdb830000 - 0x00007fffdb83b000 	C:\WINDOWS\SYSTEM32\VERSION.dll
0x00007ffffb490000 - 0x00007ffffb4a4000 	C:\WINDOWS\SYSTEM32\UMPDC.dll
0x00007ffffa3e0000 - 0x00007ffffa3fb000 	C:\WINDOWS\SYSTEM32\kernel.appcore.dll
0x00007fffe85e0000 - 0x00007fffe85ea000 	C:\Users\dhars\.p2\pool\plugins\org.eclipse.justj.openjdk.hotspot.jre.full.win32.x86_64_21.0.11.v20260515-1531\jre\bin\jimage.dll
0x00007ffff8c10000 - 0x00007ffff8e52000 	C:\WINDOWS\SYSTEM32\DBGHELP.DLL
0x00007ffffc220000 - 0x00007ffffc5a3000 	C:\WINDOWS\System32\combase.dll
0x00007ffffc5b0000 - 0x00007ffffc689000 	C:\WINDOWS\System32\OLEAUT32.dll
0x00007fffcd7d0000 - 0x00007fffcd80b000 	C:\WINDOWS\SYSTEM32\dbgcore.DLL
0x00007ffffbc80000 - 0x00007ffffbd28000 	C:\WINDOWS\System32\bcryptPrimitives.dll
0x00007fffe85c0000 - 0x00007fffe85e0000 	C:\Users\dhars\.p2\pool\plugins\org.eclipse.justj.openjdk.hotspot.jre.full.win32.x86_64_21.0.11.v20260515-1531\jre\bin\java.dll

JVMTI agents: none

dbghelp: loaded successfully - version: 4.0.5 - missing functions: none
symbol engine: initialized successfully - sym options: 0x614 - pdb path: .;C:\Users\dhars\.p2\pool\plugins\org.eclipse.justj.openjdk.hotspot.jre.full.win32.x86_64_21.0.11.v20260515-1531\jre\bin;C:\WINDOWS\SYSTEM32;C:\WINDOWS\WinSxS\amd64_microsoft.windows.common-controls_6595b64144ccf1df_6.0.26100.8521_none_3e08b75ce33403b3;C:\Users\dhars\.p2\pool\plugins\org.eclipse.justj.openjdk.hotspot.jre.full.win32.x86_64_21.0.11.v20260515-1531\jre\bin\server

VM Arguments:
jvm_args: -Dfile.encoding=UTF-8 -Dstdout.encoding=UTF-8 -Dstderr.encoding=UTF-8 --module-path=C:\Users\dhars\Documents\digital_nurture_program\week1\Algorithms_Data Structures\FinancialForecasting\bin -XX:+ShowCodeDetailsInExceptionMessages -Djdk.module.main=FinancialForecasting 
java_command: FinancialForecasting/financialForecasting.Forecasting
java_class_path (initial): <not set>
Launcher Type: SUN_STANDARD

[Global flags]
     intx CICompilerCount                          = 4                                         {product} {ergonomic}
     uint ConcGCThreads                            = 3                                         {product} {ergonomic}
     uint G1ConcRefinementThreads                  = 10                                        {product} {ergonomic}
   size_t G1HeapRegionSize                         = 1048576                                   {product} {ergonomic}
    uintx GCDrainStackTargetSize                   = 64                                        {product} {ergonomic}
   size_t InitialHeapSize                          = 130023424                                 {product} {ergonomic}
   size_t MarkStackSize                            = 4194304                                   {product} {ergonomic}
   size_t MaxHeapSize                              = 2076180480                                {product} {ergonomic}
   size_t MinHeapDeltaBytes                        = 1048576                                   {product} {ergonomic}
   size_t MinHeapSize                              = 8388608                                   {product} {ergonomic}
    uintx NonNMethodCodeHeapSize                   = 5839372                                {pd product} {ergonomic}
    uintx NonProfiledCodeHeapSize                  = 122909434                              {pd product} {ergonomic}
    uintx ProfiledCodeHeapSize                     = 122909434                              {pd product} {ergonomic}
    uintx ReservedCodeCacheSize                    = 251658240                              {pd product} {ergonomic}
     bool SegmentedCodeCache                       = true                                      {product} {ergonomic}
     bool ShowCodeDetailsInExceptionMessages       = true                                   {manageable} {command line}
   size_t SoftMaxHeapSize                          = 2076180480                             {manageable} {ergonomic}
     bool UseCompressedOops                        = true                           {product lp64_product} {ergonomic}
     bool UseG1GC                                  = true                                      {product} {ergonomic}
     bool UseLargePagesIndividualAllocation        = false                                  {pd product} {ergonomic}

Logging:
Log output configuration:
 #0: stdout all=warning uptime,level,tags foldmultilines=false
 #1: stderr all=off uptime,level,tags foldmultilines=false

Release file:
<release file has not been read>
Environment Variables:
PATH=C:/Users/dhars/.p2/pool/plugins/org.eclipse.justj.openjdk.hotspot.jre.full.win32.x86_64_21.0.11.v20260515-1531/jre/bin/server;C:/Users/dhars/.p2/pool/plugins/org.eclipse.justj.openjdk.hotspot.jre.full.win32.x86_64_21.0.11.v20260515-1531/jre/bin;E:\OracleXE\dbhomeXE\bin;C:\Program Files\Python314\Scripts\;C:\Program Files\Python314\;C:\Program Files\MySQL\MySQL Server 8.0\bin;C:\Program Files\Common Files\Oracle\Java\javapath;C:\Program Files\Python312\Scripts\;C:\Program Files\Python312\;C:\WINDOWS\system32;C:\WINDOWS;C:\WINDOWS\System32\Wbem;C:\WINDOWS\System32\WindowsPowerShell\v1.0\;C:\WINDOWS\System32\OpenSSH\;C:\Program Files\Git\cmd;C:\Program Files\nodejs\;C:\Users\dhars\AppData\Local\Microsoft\WindowsApps;C:\Program Files\JetBrains\PyCharm Community Edition 2023.3.2\bin;;C:\Users\dhars\AppData\Roaming\Python\Python312\site-packages;C:\Users\dhars\AppData\Local\Programs\Microsoft VS Code\bin;C:\Users\dhars\AppData\Local\Programs\cursor\resources\app\bin;C:\Users\dhars\AppData\Roaming\npm;C:\Users\dhars\AppData\Local\Programs\Antigravity\bin;C:\Users\dhars\AppData\Local\Programs\Python\Python312\;C:\Users\dhars\AppData\Local\Programs\Python\Python312\Scripts\;;C:\WINDOWS\System32;
USERNAME=dhars
OS=Windows_NT
PROCESSOR_IDENTIFIER=Intel64 Family 6 Model 154 Stepping 4, GenuineIntel
TMP=C:\Users\dhars\AppData\Local\Temp
TEMP=C:\Users\dhars\AppData\Local\Temp




Periodic native trim disabled

---------------  S Y S T E M  ---------------

OS:
 Windows 11 , 64 bit Build 26100 (10.0.26100.8521)
OS uptime: 4 days 22:00 hours
Hyper-V role detected

CPU: total 12 (initial active 12) (6 cores per cpu, 2 threads per core) family 6 model 154 stepping 4 microcode 0x41f, cx8, cmov, fxsr, ht, mmx, 3dnowpref, sse, sse2, sse3, ssse3, sse4.1, sse4.2, popcnt, lzcnt, tsc, tscinvbit, avx, avx2, aes, erms, clmul, bmi1, bmi2, adx, sha, fma, vzeroupper, clflush, clflushopt, clwb, hv, serialize, rdtscp, rdpid, fsrm, f16c, cet_ibt, cet_ss
Processor Information for processor 0
  Max Mhz: 1300, Current Mhz: 1300, Mhz Limit: 1300
Processor Information for processor 1
  Max Mhz: 1300, Current Mhz: 1300, Mhz Limit: 1300
Processor Information for processor 2
  Max Mhz: 1300, Current Mhz: 1300, Mhz Limit: 1300
Processor Information for processor 3
  Max Mhz: 1300, Current Mhz: 1300, Mhz Limit: 1300
Processor Information for processor 4
  Max Mhz: 900, Current Mhz: 900, Mhz Limit: 900
Processor Information for processor 5
  Max Mhz: 900, Current Mhz: 900, Mhz Limit: 900
Processor Information for processor 6
  Max Mhz: 900, Current Mhz: 900, Mhz Limit: 900
Processor Information for processor 7
  Max Mhz: 900, Current Mhz: 900, Mhz Limit: 900
Processor Information for processor 8
  Max Mhz: 900, Current Mhz: 900, Mhz Limit: 900
Processor Information for processor 9
  Max Mhz: 900, Current Mhz: 900, Mhz Limit: 900
Processor Information for processor 10
  Max Mhz: 900, Current Mhz: 900, Mhz Limit: 900
Processor Information for processor 11
  Max Mhz: 900, Current Mhz: 900, Mhz Limit: 900

Memory: 4k page, system-wide physical 7916M (610M free)
TotalPageFile size 15722M (AvailPageFile size 104M)
current process WorkingSet (physical memory assigned to process): 13M, peak: 13M
current process commit charge ("private bytes"): 64M, peak: 188M

vm_info: OpenJDK 64-Bit Server VM (21.0.11+10-LTS) for windows-amd64 JRE (21.0.11+10-LTS), built on 2026-04-21T00:00:00Z by "admin" with MS VC++ 17.12 (VS2022)

END.
